# JRE version: OpenJDK Runtime Environment (8.0_242-b01) (build 1.8.0_242-release-1644-b01)
# Java VM: OpenJDK 64-Bit Server VM (25.242-b01 mixed mode windows-amd64 compressed oops)
Heap:
 PSYoungGen      total 424448K, used 61220K [0x00000000d5580000, 0x00000000f5780000, 0x0000000100000000)
  eden space 380416K, 16% used [0x00000000d5580000,0x00000000d9149038,0x00000000ec900000)
  from space 44032K, 0% used [0x00000000f0800000,0x00000000f0800000,0x00000000f3300000)
  to   space 64512K, 0% used [0x00000000ec900000,0x00000000ec900000,0x00000000f0800000)
 ParOldGen       total 216064K, used 101244K [0x0000000080000000, 0x000000008d300000, 0x00000000d5580000)
  object space 216064K, 46% used [0x0000000080000000,0x00000000862df190,0x000000008d300000)
 Metaspace       used 102787K, capacity 109572K, committed 109848K, reserved 1144832K
  class space    used 13361K, capacity 14509K, committed 14632K, reserved 1048576K
GC Heap History (10 events):
Event: 1731.856 GC heap before
{Heap before GC invocations=49 (full 4):
 PSYoungGen      total 335360K, used 311341K [0x00000000d5580000, 0x00000000ec000000, 0x0000000100000000)
  eden space 299520K, 100% used [0x00000000d5580000,0x00000000e7a00000,0x00000000e7a00000)
  from space 35840K, 32% used [0x00000000e9d00000,0x00000000ea88b720,0x00000000ec000000)
  to   space 35840K, 0% used [0x00000000e7a00000,0x00000000e7a00000,0x00000000e9d00000)
 ParOldGen       total 179712K, used 103695K [0x0000000080000000, 0x000000008af80000, 0x00000000d5580000)
  object space 179712K, 57% used [0x0000000080000000,0x0000000086543ef0,0x000000008af80000)
 Metaspace       used 102383K, capacity 108942K, committed 109208K, reserved 1144832K
  class space    used 13335K, capacity 14462K, committed 14504K, reserved 1048576K
Event: 1731.871 GC heap after
Heap after GC invocations=49 (full 4):
 PSYoungGen      total 335360K, used 13639K [0x00000000d5580000, 0x00000000ee980000, 0x0000000100000000)
  eden space 299520K, 0% used [0x00000000d5580000,0x00000000d5580000,0x00000000e7a00000)
  from space 35840K, 38% used [0x00000000e7a00000,0x00000000e8751e78,0x00000000e9d00000)
  to   space 34816K, 0% used [0x00000000ec780000,0x00000000ec780000,0x00000000ee980000)
 ParOldGen       total 179712K, used 104451K [0x0000000080000000, 0x000000008af80000, 0x00000000d5580000)
  object space 179712K, 58% used [0x0000000080000000,0x0000000086600f00,0x000000008af80000)
 Metaspace       used 102383K, capacity 108942K, committed 109208K, reserved 1144832K
  class space    used 13335K, capacity 14462K, committed 14504K, reserved 1048576K
}
Event: 1732.485 GC heap before
{Heap before GC invocations=50 (full 4):
 PSYoungGen      total 335360K, used 313159K [0x00000000d5580000, 0x00000000ee980000, 0x0000000100000000)
  eden space 299520K, 100% used [0x00000000d5580000,0x00000000e7a00000,0x00000000e7a00000)
  from space 35840K, 38% used [0x00000000e7a00000,0x00000000e8751e78,0x00000000e9d00000)
  to   space 34816K, 0% used [0x00000000ec780000,0x00000000ec780000,0x00000000ee980000)
 ParOldGen       total 179712K, used 104451K [0x0000000080000000, 0x000000008af80000, 0x00000000d5580000)
  object space 179712K, 58% used [0x0000000080000000,0x0000000086600f00,0x000000008af80000)
 Metaspace       used 102428K, capacity 108978K, committed 109208K, reserved 1144832K
  class space    used 13339K, capacity 14468K, committed 14504K, reserved 1048576K
Event: 1732.550 GC heap after
Heap after GC invocations=50 (full 4):
 PSYoungGen      total 379392K, used 7327K [0x00000000d5580000, 0x00000000eee00000, 0x0000000100000000)
  eden space 344576K, 0% used [0x00000000d5580000,0x00000000d5580000,0x00000000ea600000)
  from space 34816K, 21% used [0x00000000ec780000,0x00000000ecea7ee0,0x00000000ee980000)
  to   space 34304K, 0% used [0x00000000ea600000,0x00000000ea600000,0x00000000ec780000)
 ParOldGen       total 179712K, used 111225K [0x0000000080000000, 0x000000008af80000, 0x00000000d5580000)
  object space 179712K, 61% used [0x0000000080000000,0x0000000086c9e5e8,0x000000008af80000)
 Metaspace       used 102428K, capacity 108978K, committed 109208K, reserved 1144832K
  class space    used 13339K, capacity 14468K, committed 14504K, reserved 1048576K
}
Event: 1733.929 GC heap before
{Heap before GC invocations=51 (full 4):
 PSYoungGen      total 379392K, used 351903K [0x00000000d5580000, 0x00000000eee00000, 0x0000000100000000)
  eden space 344576K, 100% used [0x00000000d5580000,0x00000000ea600000,0x00000000ea600000)
  from space 34816K, 21% used [0x00000000ec780000,0x00000000ecea7ee0,0x00000000ee980000)
  to   space 34304K, 0% used [0x00000000ea600000,0x00000000ea600000,0x00000000ec780000)
 ParOldGen       total 179712K, used 111225K [0x0000000080000000, 0x000000008af80000, 0x00000000d5580000)
  object space 179712K, 61% used [0x0000000080000000,0x0000000086c9e5e8,0x000000008af80000)
 Metaspace       used 102454K, capacity 109048K, committed 109208K, reserved 1144832K
  class space    used 13339K, capacity 14469K, committed 14504K, reserved 1048576K
Event: 1733.971 GC heap after
Heap after GC invocations=51 (full 4):
 PSYoungGen      total 378880K, used 34294K [0x00000000d5580000, 0x00000000f3300000, 0x0000000100000000)
  eden space 344576K, 0% used [0x00000000d5580000,0x00000000d5580000,0x00000000ea600000)
  from space 34304K, 99% used [0x00000000ea600000,0x00000000ec77db68,0x00000000ec780000)
  to   space 44032K, 0% used [0x00000000f0800000,0x00000000f0800000,0x00000000f3300000)
 ParOldGen       total 179712K, used 123953K [0x0000000080000000, 0x000000008af80000, 0x00000000d5580000)
  object space 179712K, 68% used [0x0000000080000000,0x000000008790c610,0x000000008af80000)
 Metaspace       used 102454K, capacity 109048K, committed 109208K, reserved 1144832K
  class space    used 13339K, capacity 14469K, committed 14504K, reserved 1048576K
}
Event: 1794.589 GC heap before
{Heap before GC invocations=52 (full 4):
 PSYoungGen      total 378880K, used 378870K [0x00000000d5580000, 0x00000000f3300000, 0x0000000100000000)
  eden space 344576K, 100% used [0x00000000d5580000,0x00000000ea600000,0x00000000ea600000)
  from space 34304K, 99% used [0x00000000ea600000,0x00000000ec77db68,0x00000000ec780000)
  to   space 44032K, 0% used [0x00000000f0800000,0x00000000f0800000,0x00000000f3300000)
 ParOldGen       total 179712K, used 123953K [0x0000000080000000, 0x000000008af80000, 0x00000000d5580000)
  object space 179712K, 68% used [0x0000000080000000,0x000000008790c610,0x000000008af80000)
 Metaspace       used 102735K, capacity 109442K, committed 109592K, reserved 1144832K
  class space    used 13361K, capacity 14510K, committed 14632K, reserved 1048576K
Event: 1794.908 GC heap after
Heap after GC invocations=52 (full 4):
 PSYoungGen      total 424448K, used 44029K [0x00000000d5580000, 0x00000000f5780000, 0x0000000100000000)
  eden space 380416K, 0% used [0x00000000d5580000,0x00000000d5580000,0x00000000ec900000)
  from space 44032K, 99% used [0x00000000f0800000,0x00000000f32ff778,0x00000000f3300000)
  to   space 64512K, 0% used [0x00000000ec900000,0x00000000ec900000,0x00000000f0800000)
 ParOldGen       total 179712K, used 161064K [0x0000000080000000, 0x000000008af80000, 0x00000000d5580000)
  object space 179712K, 89% used [0x0000000080000000,0x0000000089d4a030,0x000000008af80000)
 Metaspace       used 102735K, capacity 109442K, committed 109592K, reserved 1144832K
  class space    used 13361K, capacity 14510K, committed 14632K, reserved 1048576K
}
Event: 1794.909 GC heap before
{Heap before GC invocations=53 (full 5):
 PSYoungGen      total 424448K, used 44029K [0x00000000d5580000, 0x00000000f5780000, 0x0000000100000000)
  eden space 380416K, 0% used [0x00000000d5580000,0x00000000d5580000,0x00000000ec900000)
  from space 44032K, 99% used [0x00000000f0800000,0x00000000f32ff778,0x00000000f3300000)
  to   space 64512K, 0% used [0x00000000ec900000,0x00000000ec900000,0x00000000f0800000)
 ParOldGen       total 179712K, used 161064K [0x0000000080000000, 0x000000008af80000, 0x00000000d5580000)
  object space 179712K, 89% used [0x0000000080000000,0x0000000089d4a030,0x000000008af80000)
 Metaspace       used 102735K, capacity 109442K, committed 109592K, reserved 1144832K
  class space    used 13361K, capacity 14510K, committed 14632K, reserved 1048576K
Event: 1804.502 GC heap after
Heap after GC invocations=53 (full 5):
 PSYoungGen      total 424448K, used 0K [0x00000000d5580000, 0x00000000f5780000, 0x0000000100000000)
  eden space 380416K, 0% used [0x00000000d5580000,0x00000000d5580000,0x00000000ec900000)
  from space 44032K, 0% used [0x00000000f0800000,0x00000000f0800000,0x00000000f3300000)
  to   space 64512K, 0% used [0x00000000ec900000,0x00000000ec900000,0x00000000f0800000)
 ParOldGen       total 216064K, used 101244K [0x0000000080000000, 0x000000008d300000, 0x00000000d5580000)
  object space 216064K, 46% used [0x0000000080000000,0x00000000862df190,0x000000008d300000)
 Metaspace       used 102730K, capacity 109434K, committed 109592K, reserved 1144832K
  class space    used 13360K, capacity 14508K, committed 14632K, reserved 1048576K
}

